[LOG] System::create                           : Header version = 2.02.11. Current version = 2.02.11.
[LOG] Manager::init                            : maxchannels = 256 studioflags = 00000006 flags 00000000 extradriverdata 0000000000000000.
[LOG] SystemI::init                            : Initialize version=20211 (130436), maxchannels=256, flags=0x00020000
[LOG] SystemI::setOutputInternal               : Setting output to 'FMOD WASAPI Output'
[LOG] OutputWASAPI::init                       : Mix Format (WAVEFORMATEX): wFormatTag=0xFFFE, nChannels=8, nSamplesPerSec=48000, nAvgBytesPerSec=1536000, nBlockAlign=32, wBitsPerSample=32, cbSize=22.
[LOG] OutputWASAPI::init                       : Mix Format (WAVEFORMATEXTENSIBLE): wValidBitsPerSample=32, dwChannelMask=0x0000063F, SubFormat=00000003-0000-0010-8000-00AA00389B71.
[LOG] OutputWASAPI::init                       : Output buffer size: 4096 samples, latency: 0.00ms, period: 10.00ms, DSP buffer: 1024 * 4
[LOG] DownMix::init                            : dspbuffersize: 1024  rate: 48000. output speaker mode: 7, input speaker mode 3
[LOG] DownMix::init                            : done.
[LOG] Thread::initThread                       : Init FMOD stream thread. Affinity: 0x4000000000000003, Priority: 0xFFFF7FFB, Stack Size: 98304, Semaphore: No, Sleep Time: 10, Looping: Yes.
[LOG] Thread::initThread                       : Init FMOD mixer thread. Affinity: 0x4000000000000001, Priority: 0xFFFF7FFA, Stack Size: 81920, Semaphore: No, Sleep Time: 0, Looping: Yes.
[LOG] AsyncManager::init                       : manager 00000139F0064A88 isAsync 0 updatePeriod 0.02
[LOG] AsyncManager::init                       : done
[LOG] PlaybackSystem::init                     : 
[LOG] Thread::initThread                       : Init FMOD Studio sample load thread. Affinity: 0x4000000000000003, Priority: 0xFFFF7FFD, Stack Size: 98304, Semaphore: No, Sleep Time: 1, Looping: No.
[LOG] PlaybackSystem::init                     : done
[LOG] Thread::initThread                       : Init FMOD Studio bank load thread. Affinity: 0x4000000000000003, Priority: 0xFFFF7FFD, Stack Size: 98304, Semaphore: No, Sleep Time: 1, Looping: No.
[LOG] Manager::init                            : done.
[LOG] Manager::readBank                        : fileversion = 142, compatVersion = 140 (oldest = 44, newest = 142)
[LOG] Manager::readBank                        : fileversion = 142, compatVersion = 140 (oldest = 44, newest = 142)
[LOG] PlaybackSystem::acquireMasterBus         : Setting master channel group format to 6
[LOG] SystemI::createSoundInternal             : Create name='', mode=0x02000202
[LOG] SystemI::createSoundInternal             : exinfo->cbsize             = 224
[LOG] SystemI::createSoundInternal             : exinfo->length             = 3642592
[LOG] SystemI::createSoundInternal             : exinfo->fileoffset         = 18496
[LOG] SystemI::createSoundInternal             : exinfo->numsubsounds       = 1
[LOG] SystemI::createSoundInternal             : exinfo->inclusionlist      = 0000000BB806F518
[LOG] SystemI::createSoundInternal             : exinfo->inclusionlistnum   = 1
[LOG] SystemI::createSoundInternal             : exinfo->suggestedsoundtype = 5
[LOG] SystemI::createSoundInternal             : exinfo->useropen           = 00007FFCFE4A3490
[LOG] SystemI::createSoundInternal             : exinfo->userclose          = 00007FFCFE4A3450
[LOG] SystemI::createSoundInternal             : exinfo->userread           = 00007FFCFE4A3570
[LOG] SystemI::createSoundInternal             : exinfo->userseek           = 00007FFCFE4A3630
[LOG] SystemI::createSoundInternal             : exinfo->fileuserdata       = 00000139F40682B8
[LOG] SystemI::createSoundInternal             : exinfo->initialseekpostype = 1
[LOG] SystemI::DSPCodecPoolRegister            : register codec pool for pool type 5
[LOG] SystemI::createSoundInternal             : Sample 0/1: name='Shrek dial - oślę', format=5, channels=2, frequency=48000, lengthbytes=5376, lengthpcm=24000, pcmblocksize=0, loopstart=0, loopend=0, mode=0x00000000, channelmask=0x00000000, channelorder=0, peakvolume=0.079742.
[LOG] SystemI::createSoundInternal             : Create name='', mode=0x02000202
[LOG] SystemI::createSoundInternal             : exinfo->cbsize             = 224
[LOG] SystemI::createSoundInternal             : exinfo->length             = 3642592
[LOG] SystemI::createSoundInternal             : exinfo->fileoffset         = 18496
[LOG] SystemI::createSoundInternal             : exinfo->numsubsounds       = 1
[LOG] SystemI::createSoundInternal             : exinfo->inclusionlist      = 0000000BB806F518
[LOG] SystemI::createSoundInternal             : exinfo->inclusionlistnum   = 1
[LOG] SystemI::createSoundInternal             : exinfo->suggestedsoundtype = 5
[LOG] SystemI::createSoundInternal             : exinfo->useropen           = 00007FFCFE4A3490
[LOG] SystemI::createSoundInternal             : exinfo->userclose          = 00007FFCFE4A3450
[LOG] SystemI::createSoundInternal             : exinfo->userread           = 00007FFCFE4A3570
[LOG] SystemI::createSoundInternal             : exinfo->userseek           = 00007FFCFE4A3630
[LOG] SystemI::createSoundInternal             : exinfo->fileuserdata       = 00000139F40682B8
[LOG] SystemI::createSoundInternal             : exinfo->initialseekpostype = 1
[LOG] SystemI::DSPCodecPoolRegister            : register codec pool for pool type 5
[LOG] SystemI::createSoundInternal             : Sample 0/1: name='Shrek dial -zaraz zaraz zaraz', format=5, channels=2, frequency=48000, lengthbytes=21248, lengthpcm=96000, pcmblocksize=0, loopstart=0, loopend=0, mode=0x00000000, channelmask=0x00000000, channelorder=0, peakvolume=0.203674.
[LOG] SystemI::createSoundInternal             : Create name='', mode=0x02000202
[LOG] SystemI::createSoundInternal             : exinfo->cbsize             = 224
[LOG] SystemI::createSoundInternal             : exinfo->length             = 3642592
[LOG] SystemI::createSoundInternal             : exinfo->fileoffset         = 18496
[LOG] SystemI::createSoundInternal             : exinfo->numsubsounds       = 1
[LOG] SystemI::createSoundInternal             : exinfo->inclusionlist      = 0000000BB806F518
[LOG] SystemI::createSoundInternal             : exinfo->inclusionlistnum   = 1
[LOG] SystemI::createSoundInternal             : exinfo->suggestedsoundtype = 5
[LOG] SystemI::createSoundInternal             : exinfo->useropen           = 00007FFCFE4A3490
[LOG] SystemI::createSoundInternal             : exinfo->userclose          = 00007FFCFE4A3450
[LOG] SystemI::createSoundInternal             : exinfo->userread           = 00007FFCFE4A3570
[LOG] SystemI::createSoundInternal             : exinfo->userseek           = 00007FFCFE4A3630
[LOG] SystemI::createSoundInternal             : exinfo->fileuserdata       = 00000139F40682B8
[LOG] SystemI::createSoundInternal             : exinfo->initialseekpostype = 1
[LOG] SystemI::DSPCodecPoolRegister            : register codec pool for pool type 5
[LOG] SystemI::createSoundInternal             : Sample 0/1: name='Shrek dial - taa', format=5, channels=2, frequency=48000, lengthbytes=5216, lengthpcm=24000, pcmblocksize=0, loopstart=0, loopend=0, mode=0x00000000, channelmask=0x00000000, channelorder=0, peakvolume=0.044464.
[LOG] SystemI::createSoundInternal             : Create name='', mode=0x02000202
[LOG] SystemI::createSoundInternal             : exinfo->cbsize             = 224
[LOG] SystemI::createSoundInternal             : exinfo->length             = 3642592
[LOG] SystemI::createSoundInternal             : exinfo->fileoffset         = 18496
[LOG] SystemI::createSoundInternal             : exinfo->numsubsounds       = 1
[LOG] SystemI::createSoundInternal             : exinfo->inclusionlist      = 0000000BB806F518
[LOG] SystemI::createSoundInternal             : exinfo->inclusionlistnum   = 1
[LOG] SystemI::createSoundInternal             : exinfo->suggestedsoundtype = 5
[LOG] SystemI::createSoundInternal             : exinfo->useropen           = 00007FFCFE4A3490
[LOG] SystemI::createSoundInternal             : exinfo->userclose          = 00007FFCFE4A3450
[LOG] SystemI::createSoundInternal             : exinfo->userread           = 00007FFCFE4A3570
[LOG] SystemI::createSoundInternal             : exinfo->userseek           = 00007FFCFE4A3630
[LOG] SystemI::createSoundInternal             : exinfo->fileuserdata       = 00000139F40682B8
[LOG] SystemI::createSoundInternal             : exinfo->initialseekpostype = 1
[LOG] SystemI::DSPCodecPoolRegister            : register codec pool for pool type 5
[LOG] SystemI::createSoundInternal             : Sample 0/1: name='Shrek dial -daj spokój ośle nie dąsaj się', format=5, channels=2, frequency=48000, lengthbytes=23712, lengthpcm=120000, pcmblocksize=0, loopstart=0, loopend=0, mode=0x00000000, channelmask=0x00000000, channelorder=0, peakvolume=0.190277.
[LOG] SystemI::createSoundInternal             : Create name='', mode=0x02000202
[LOG] SystemI::createSoundInternal             : exinfo->cbsize             = 224
[LOG] SystemI::createSoundInternal             : exinfo->length             = 3642592
[LOG] SystemI::createSoundInternal             : exinfo->fileoffset         = 18496
[LOG] SystemI::createSoundInternal             : exinfo->numsubsounds       = 1
[LOG] SystemI::createSoundInternal             : exinfo->inclusionlist      = 0000000BB806F518
[LOG] SystemI::createSoundInternal             : exinfo->inclusionlistnum   = 1
[LOG] SystemI::createSoundInternal             : exinfo->suggestedsoundtype = 5
[LOG] SystemI::createSoundInternal             : exinfo->useropen           = 00007FFCFE4A3490
[LOG] SystemI::createSoundInternal             : exinfo->userclose          = 00007FFCFE4A3450
[LOG] SystemI::createSoundInternal             : exinfo->userread           = 00007FFCFE4A3570
[LOG] SystemI::createSoundInternal             : exinfo->userseek           = 00007FFCFE4A3630
[LOG] SystemI::createSoundInternal             : exinfo->fileuserdata       = 00000139F40682B8
[LOG] SystemI::createSoundInternal             : exinfo->initialseekpostype = 1
[LOG] SystemI::DSPCodecPoolRegister            : register codec pool for pool type 5
[LOG] SystemI::createSoundInternal             : Sample 0/1: name='Shrek dial -daj spokój ośle', format=5, channels=2, frequency=48000, lengthbytes=18240, lengthpcm=96000, pcmblocksize=0, loopstart=0, loopend=0, mode=0x00000000, channelmask=0x00000000, channelorder=0, peakvolume=0.128906.
[LOG] SystemI::createSoundInternal             : Create name='', mode=0x02000202
[LOG] SystemI::createSoundInternal             : exinfo->cbsize             = 224
[LOG] SystemI::createSoundInternal             : exinfo->length             = 3642592
[LOG] SystemI::createSoundInternal             : exinfo->fileoffset         = 18496
[LOG] SystemI::createSoundInternal             : exinfo->numsubsounds       = 1
[LOG] SystemI::createSoundInternal             : exinfo->inclusionlist      = 0000000BB806F518
[LOG] SystemI::createSoundInternal             : exinfo->inclusionlistnum   = 1
[LOG] SystemI::createSoundInternal             : exinfo->suggestedsoundtype = 5
[LOG] SystemI::createSoundInternal             : exinfo->useropen           = 00007FFCFE4A3490
[LOG] SystemI::createSoundInternal             : exinfo->userclose          = 00007FFCFE4A3450
[LOG] SystemI::createSoundInternal             : exinfo->userread           = 00007FFCFE4A3570
[LOG] SystemI::createSoundInternal             : exinfo->userseek           = 00007FFCFE4A3630
[LOG] SystemI::createSoundInternal             : exinfo->fileuserdata       = 00000139F40682B8
[LOG] SystemI::createSoundInternal             : exinfo->initialseekpostype = 1
[LOG] SystemI::DSPCodecPoolRegister            : register codec pool for pool type 5
[LOG] SystemI::createSoundInternal             : Sample 0/1: name='Shrek dial -mała wyprawa ośle', format=5, channels=2, frequency=48000, lengthbytes=24256, lengthpcm=120000, pcmblocksize=0, loopstart=0, loopend=0, mode=0x00000000, channelmask=0x00000000, channelorder=0, peakvolume=0.138641.
[LOG] SystemI::createSoundInternal             : Create name='', mode=0x02000202
[LOG] SystemI::createSoundInternal             : exinfo->cbsize             = 224
[LOG] SystemI::createSoundInternal             : exinfo->length             = 3642592
[LOG] SystemI::createSoundInternal             : exinfo->fileoffset         = 18496
[LOG] SystemI::createSoundInternal             : exinfo->numsubsounds       = 1
[LOG] SystemI::createSoundInternal             : exinfo->inclusionlist      = 0000000BB806F518
[LOG] SystemI::createSoundInternal             : exinfo->inclusionlistnum   = 1
[LOG] SystemI::createSoundInternal             : exinfo->suggestedsoundtype = 5
[LOG] SystemI::createSoundInternal             : exinfo->useropen           = 00007FFCFE4A3490
[LOG] SystemI::createSoundInternal             : exinfo->userclose          = 00007FFCFE4A3450
[LOG] SystemI::createSoundInternal             : exinfo->userread           = 00007FFCFE4A3570
[LOG] SystemI::createSoundInternal             : exinfo->userseek           = 00007FFCFE4A3630
[LOG] SystemI::createSoundInternal             : exinfo->fileuserdata       = 00000139F40682B8
[LOG] SystemI::createSoundInternal             : exinfo->initialseekpostype = 1
[LOG] SystemI::DSPCodecPoolRegister            : register codec pool for pool type 5
[LOG] SystemI::createSoundInternal             : Sample 0/1: name='shrek dial -to nie było miłe', format=5, channels=2, frequency=48000, lengthbytes=17600, lengthpcm=96000, pcmblocksize=0, loopstart=0, loopend=0, mode=0x00000000, channelmask=0x00000000, channelorder=0, peakvolume=0.201935.
[LOG] SystemI::createSoundInternal             : Create name='', mode=0x02000202
[LOG] SystemI::createSoundInternal             : exinfo->cbsize             = 224
[LOG] SystemI::createSoundInternal             : exinfo->length             = 3642592
[LOG] SystemI::createSoundInternal             : exinfo->fileoffset         = 18496
[LOG] SystemI::createSoundInternal             : exinfo->numsubsounds       = 1
[LOG] SystemI::createSoundInternal             : exinfo->inclusionlist      = 0000000BB806F518
[LOG] SystemI::createSoundInternal             : exinfo->inclusionlistnum   = 1
[LOG] SystemI::createSoundInternal             : exinfo->suggestedsoundtype = 5
[LOG] SystemI::createSoundInternal             : exinfo->useropen           = 00007FFCFE4A3490
[LOG] SystemI::createSoundInternal             : exinfo->userclose          = 00007FFCFE4A3450
[LOG] SystemI::createSoundInternal             : exinfo->userread           = 00007FFCFE4A3570
[LOG] SystemI::createSoundInternal             : exinfo->userseek           = 00007FFCFE4A3630
[LOG] SystemI::createSoundInternal             : exinfo->fileuserdata       = 00000139F40682B8
[LOG] SystemI::createSoundInternal             : exinfo->initialseekpostype = 1
[LOG] SystemI::DSPCodecPoolRegister            : register codec pool for pool type 5
[LOG] SystemI::createSoundInternal             : Sample 0/1: name='Shrek dial - proszę proszę oślę', format=5, channels=2, frequency=48000, lengthbytes=21088, lengthpcm=96000, pcmblocksize=0, loopstart=0, loopend=0, mode=0x00000000, channelmask=0x00000000, channelorder=0, peakvolume=0.099426.
[LOG] SystemI::createSoundInternal             : Create name='', mode=0x02000202
[LOG] SystemI::createSoundInternal             : exinfo->cbsize             = 224
[LOG] SystemI::createSoundInternal             : exinfo->length             = 3642592
[LOG] SystemI::createSoundInternal             : exinfo->fileoffset         = 18496
[LOG] SystemI::createSoundInternal             : exinfo->numsubsounds       = 1
[LOG] SystemI::createSoundInternal             : exinfo->inclusionlist      = 0000000BB806F518
[LOG] SystemI::createSoundInternal             : exinfo->inclusionlistnum   = 1
[LOG] SystemI::createSoundInternal             : exinfo->suggestedsoundtype = 5
[LOG] SystemI::createSoundInternal             : exinfo->useropen           = 00007FFCFE4A3490
[LOG] SystemI::createSoundInternal             : exinfo->userclose          = 00007FFCFE4A3450
[LOG] SystemI::createSoundInternal             : exinfo->userread           = 00007FFCFE4A3570
[LOG] SystemI::createSoundInternal             : exinfo->userseek           = 00007FFCFE4A3630
[LOG] SystemI::createSoundInternal             : exinfo->fileuserdata       = 00000139F40682B8
[LOG] SystemI::createSoundInternal             : exinfo->initialseekpostype = 1
[LOG] SystemI::DSPCodecPoolRegister            : register codec pool for pool type 5
[LOG] SystemI::createSoundInternal             : Sample 0/1: name='shrek dial - śmieszne', format=5, channels=2, frequency=48000, lengthbytes=13024, lengthpcm=72000, pcmblocksize=0, loopstart=0, loopend=0, mode=0x00000000, channelmask=0x00000000, channelorder=0, peakvolume=0.214661.
[LOG] SystemI::createSoundInternal             : Create name='', mode=0x02000202
[LOG] SystemI::createSoundInternal             : exinfo->cbsize             = 224
[LOG] SystemI::createSoundInternal             : exinfo->length             = 3642592
[LOG] SystemI::createSoundInternal             : exinfo->fileoffset         = 18496
[LOG] SystemI::createSoundInternal             : exinfo->numsubsounds       = 1
[LOG] SystemI::createSoundInternal             : exinfo->inclusionlist      = 0000000BB806F518
[LOG] SystemI::createSoundInternal             : exinfo->inclusionlistnum   = 1
[LOG] SystemI::createSoundInternal             : exinfo->suggestedsoundtype = 5
[LOG] SystemI::createSoundInternal             : exinfo->useropen           = 00007FFCFE4A3490
[LOG] SystemI::createSoundInternal             : exinfo->userclose          = 00007FFCFE4A3450
[LOG] SystemI::createSoundInternal             : exinfo->userread           = 00007FFCFE4A3570
[LOG] SystemI::createSoundInternal             : exinfo->userseek           = 00007FFCFE4A3630
[LOG] SystemI::createSoundInternal             : exinfo->fileuserdata       = 00000139F40682B8
[LOG] SystemI::createSoundInternal             : exinfo->initialseekpostype = 1
[LOG] SystemI::DSPCodecPoolRegister            : register codec pool for pool type 5
[LOG] SystemI::createSoundInternal             : Sample 0/1: name='shrek dial -wzdycha', format=5, channels=2, frequency=48000, lengthbytes=25344, lengthpcm=120000, pcmblocksize=0, loopstart=0, loopend=0, mode=0x00000000, channelmask=0x00000000, channelorder=0, peakvolume=0.032837.
[LOG] SystemI::createSoundInternal             : Create name='', mode=0x02000202
[LOG] SystemI::createSoundInternal             : exinfo->cbsize             = 224
[LOG] SystemI::createSoundInternal             : exinfo->length             = 3642592
[LOG] SystemI::createSoundInternal             : exinfo->fileoffset         = 18496
[LOG] SystemI::createSoundInternal             : exinfo->numsubsounds       = 1
[LOG] SystemI::createSoundInternal             : exinfo->inclusionlist      = 0000000BB806F518
[LOG] SystemI::createSoundInternal             : exinfo->inclusionlistnum   = 1
[LOG] SystemI::createSoundInternal             : exinfo->suggestedsoundtype = 5
[LOG] SystemI::createSoundInternal             : exinfo->useropen           = 00007FFCFE4A3490
[LOG] SystemI::createSoundInternal             : exinfo->userclose          = 00007FFCFE4A3450
[LOG] SystemI::createSoundInternal             : exinfo->userread           = 00007FFCFE4A3570
[LOG] SystemI::createSoundInternal             : exinfo->userseek           = 00007FFCFE4A3630
[LOG] SystemI::createSoundInternal             : exinfo->fileuserdata       = 00000139F40682B8
[LOG] SystemI::createSoundInternal             : exinfo->initialseekpostype = 1
[LOG] SystemI::DSPCodecPoolRegister            : register codec pool for pool type 5
[LOG] SystemI::createSoundInternal             : Sample 0/1: name='Shrek dial -zaraz zaraz (jakby na coś wpadł)', format=5, channels=2, frequency=48000, lengthbytes=15360, lengthpcm=72000, pcmblocksize=0, loopstart=0, loopend=0, mode=0x00000000, channelmask=0x00000000, channelorder=0, peakvolume=0.118286.
[LOG] SystemI::createSoundInternal             : Create name='', mode=0x02000202
[LOG] SystemI::createSoundInternal             : exinfo->cbsize             = 224
[LOG] SystemI::createSoundInternal             : exinfo->length             = 3642592
[LOG] SystemI::createSoundInternal             : exinfo->fileoffset         = 18496
[LOG] SystemI::createSoundInternal             : exinfo->numsubsounds       = 1
[LOG] SystemI::createSoundInternal             : exinfo->inclusionlist      = 0000000BB806F518
[LOG] SystemI::createSoundInternal             : exinfo->inclusionlistnum   = 1
[LOG] SystemI::createSoundInternal             : exinfo->suggestedsoundtype = 5
[LOG] SystemI::createSoundInternal             : exinfo->useropen           = 00007FFCFE4A3490
[LOG] SystemI::createSoundInternal             : exinfo->userclose          = 00007FFCFE4A3450
[LOG] SystemI::createSoundInternal             : exinfo->userread           = 00007FFCFE4A3570
[LOG] SystemI::createSoundInternal             : exinfo->userseek           = 00007FFCFE4A3630
[LOG] SystemI::createSoundInternal             : exinfo->fileuserdata       = 00000139F40682B8
[LOG] SystemI::createSoundInternal             : exinfo->initialseekpostype = 1
[LOG] SystemI::DSPCodecPoolRegister            : register codec pool for pool type 5
[LOG] SystemI::createSoundInternal             : Sample 0/1: name='Shrek dial -Hmmm ośle (jakiś plan)', format=5, channels=2, frequency=48000, lengthbytes=14048, lengthpcm=63700, pcmblocksize=0, loopstart=0, loopend=0, mode=0x00000000, channelmask=0x00000000, channelorder=0, peakvolume=0.173645.
[LOG] SystemI::createSoundInternal             : Create name='', mode=0x02000202
[LOG] SystemI::createSoundInternal             : exinfo->cbsize             = 224
[LOG] SystemI::createSoundInternal             : exinfo->length             = 3642592
[LOG] SystemI::createSoundInternal             : exinfo->fileoffset         = 18496
[LOG] SystemI::createSoundInternal             : exinfo->numsubsounds       = 1
[LOG] SystemI::createSoundInternal             : exinfo->inclusionlist      = 0000000BB806F518
[LOG] SystemI::createSoundInternal             : exinfo->inclusionlistnum   = 1
[LOG] SystemI::createSoundInternal             : exinfo->suggestedsoundtype = 5
[LOG] SystemI::createSoundInternal             : exinfo->useropen           = 00007FFCFE4A3490
[LOG] SystemI::createSoundInternal             : exinfo->userclose          = 00007FFCFE4A3450
[LOG] SystemI::createSoundInternal             : exinfo->userread           = 00007FFCFE4A3570
[LOG] SystemI::createSoundInternal             : exinfo->userseek           = 00007FFCFE4A3630
[LOG] SystemI::createSoundInternal             : exinfo->fileuserdata       = 00000139F40682B8
[LOG] SystemI::createSoundInternal             : exinfo->initialseekpostype = 1
[LOG] SystemI::DSPCodecPoolRegister            : register codec pool for pool type 5
[LOG] SystemI::createSoundInternal             : Sample 0/1: name='Shrek dial -5 minut', format=5, channels=2, frequency=48000, lengthbytes=49472, lengthpcm=240000, pcmblocksize=0, loopstart=0, loopend=0, mode=0x00000000, channelmask=0x00000000, channelorder=0, peakvolume=0.170044.
[LOG] SystemI::createSoundInternal             : Create name='', mode=0x02000202
[LOG] SystemI::createSoundInternal             : exinfo->cbsize             = 224
[LOG] SystemI::createSoundInternal             : exinfo->length             = 3642592
[LOG] SystemI::createSoundInternal             : exinfo->fileoffset         = 18496
[LOG] SystemI::createSoundInternal             : exinfo->numsubsounds       = 1
[LOG] SystemI::createSoundInternal             : exinfo->inclusionlist      = 0000000BB806F518
[LOG] SystemI::createSoundInternal             : exinfo->inclusionlistnum   = 1
[LOG] SystemI::createSoundInternal             : exinfo->suggestedsoundtype = 5
[LOG] SystemI::createSoundInternal             : exinfo->useropen           = 00007FFCFE4A3490
[LOG] SystemI::createSoundInternal             : exinfo->userclose          = 00007FFCFE4A3450
[LOG] SystemI::createSoundInternal             : exinfo->userread           = 00007FFCFE4A3570
[LOG] SystemI::createSoundInternal             : exinfo->userseek           = 00007FFCFE4A3630
[LOG] SystemI::createSoundInternal             : exinfo->fileuserdata       = 00000139F40682B8
[LOG] SystemI::createSoundInternal             : exinfo->initialseekpostype = 1
[LOG] SystemI::DSPCodecPoolRegister            : register codec pool for pool type 5
[LOG] SystemI::createSoundInternal             : Sample 0/1: name='Shrek dial -nie ośle', format=5, channels=2, frequency=48000, lengthbytes=11296, lengthpcm=72000, pcmblocksize=0, loopstart=0, loopend=0, mode=0x00000000, channelmask=0x00000000, channelorder=0, peakvolume=0.166931.
[LOG] SoundI::release                          :  (0000013B3EDF47C8)
[LOG] SoundI::release                          :     Shrek dial - oślę (0000013B538E7878)
[LOG] SystemI::createSoundInternal             : Create name='', mode=0x02000202
[LOG] SystemI::createSoundInternal             : exinfo->cbsize             = 224
[LOG] SystemI::createSoundInternal             : exinfo->length             = 3642592
[LOG] SystemI::createSoundInternal             : exinfo->fileoffset         = 18496
[LOG] SystemI::createSoundInternal             : exinfo->numsubsounds       = 1
[LOG] SystemI::createSoundInternal             : exinfo->inclusionlist      = 0000000BB806F518
[LOG] SystemI::createSoundInternal             : exinfo->inclusionlistnum   = 1
[LOG] SystemI::createSoundInternal             : exinfo->suggestedsoundtype = 5
[LOG] SystemI::createSoundInternal             : exinfo->useropen           = 00007FFCFE4A3490
[LOG] SystemI::createSoundInternal             : exinfo->userclose          = 00007FFCFE4A3450
[LOG] SystemI::createSoundInternal             : exinfo->userread           = 00007FFCFE4A3570
[LOG] SystemI::createSoundInternal             : exinfo->userseek           = 00007FFCFE4A3630
[LOG] SystemI::createSoundInternal             : exinfo->fileuserdata       = 0000013A290289E8
[LOG] SystemI::createSoundInternal             : exinfo->initialseekpostype = 1
[LOG] SystemI::DSPCodecPoolRegister            : register codec pool for pool type 5
[LOG] SystemI::createSoundInternal             : Sample 0/1: name='Shrek dial - oślę', format=5, channels=2, frequency=48000, lengthbytes=5376, lengthpcm=24000, pcmblocksize=0, loopstart=0, loopend=0, mode=0x00000000, channelmask=0x00000000, channelorder=0, peakvolume=0.079742.
[LOG] SoundI::release                          :  (0000013B3EDF7008)
[LOG] SoundI::release                          :     Shrek dial - oślę (0000013B538E7878)
[LOG] SystemI::createSoundInternal             : Create name='', mode=0x02000202
[LOG] SystemI::createSoundInternal             : exinfo->cbsize             = 224
[LOG] SystemI::createSoundInternal             : exinfo->length             = 3642592
[LOG] SystemI::createSoundInternal             : exinfo->fileoffset         = 18496
[LOG] SystemI::createSoundInternal             : exinfo->numsubsounds       = 1
[LOG] SystemI::createSoundInternal             : exinfo->inclusionlist      = 0000000BB806F518
[LOG] SystemI::createSoundInternal             : exinfo->inclusionlistnum   = 1
[LOG] SystemI::createSoundInternal             : exinfo->suggestedsoundtype = 5
[LOG] SystemI::createSoundInternal             : exinfo->useropen           = 00007FFCFE4A3490
[LOG] SystemI::createSoundInternal             : exinfo->userclose          = 00007FFCFE4A3450
[LOG] SystemI::createSoundInternal             : exinfo->userread           = 00007FFCFE4A3570
[LOG] SystemI::createSoundInternal             : exinfo->userseek           = 00007FFCFE4A3630
[LOG] SystemI::createSoundInternal             : exinfo->fileuserdata       = 0000013A290285C8
[LOG] SystemI::createSoundInternal             : exinfo->initialseekpostype = 1
[LOG] SystemI::DSPCodecPoolRegister            : register codec pool for pool type 5
[LOG] SystemI::createSoundInternal             : Sample 0/1: name='Shrek dial - oślę', format=5, channels=2, frequency=48000, lengthbytes=5376, lengthpcm=24000, pcmblocksize=0, loopstart=0, loopend=0, mode=0x00000000, channelmask=0x00000000, channelorder=0, peakvolume=0.079742.
[LOG] SoundI::release                          :  (0000013B3EDF82B8)
[LOG] SoundI::release                          :     Shrek dial - oślę (0000013B538E8578)
[LOG] SystemI::createSoundInternal             : Create name='', mode=0x02000202
[LOG] SystemI::createSoundInternal             : exinfo->cbsize             = 224
[LOG] SystemI::createSoundInternal             : exinfo->length             = 3642592
[LOG] SystemI::createSoundInternal             : exinfo->fileoffset         = 18496
[LOG] SystemI::createSoundInternal             : exinfo->numsubsounds       = 1
[LOG] SystemI::createSoundInternal             : exinfo->inclusionlist      = 0000000BB806F518
[LOG] SystemI::createSoundInternal             : exinfo->inclusionlistnum   = 1
[LOG] SystemI::createSoundInternal             : exinfo->suggestedsoundtype = 5
[LOG] SystemI::createSoundInternal             : exinfo->useropen           = 00007FFCFE4A3490
[LOG] SystemI::createSoundInternal             : exinfo->userclose          = 00007FFCFE4A3450
[LOG] SystemI::createSoundInternal             : exinfo->userread           = 00007FFCFE4A3570
[LOG] SystemI::createSoundInternal             : exinfo->userseek           = 00007FFCFE4A3630
[LOG] SystemI::createSoundInternal             : exinfo->fileuserdata       = 0000013A290281A8
[LOG] SystemI::createSoundInternal             : exinfo->initialseekpostype = 1
[LOG] SystemI::DSPCodecPoolRegister            : register codec pool for pool type 5
[LOG] SystemI::createSoundInternal             : Sample 0/1: name='Shrek dial - oślę', format=5, channels=2, frequency=48000, lengthbytes=5376, lengthpcm=24000, pcmblocksize=0, loopstart=0, loopend=0, mode=0x00000000, channelmask=0x00000000, channelorder=0, peakvolume=0.079742.
[LOG] SoundI::release                          :  (0000013B3EDF7008)
[LOG] SoundI::release                          :     Shrek dial - oślę (0000013B538E6B78)
[LOG] SystemI::createSoundInternal             : Create name='', mode=0x02000202
[LOG] SystemI::createSoundInternal             : exinfo->cbsize             = 224
[LOG] SystemI::createSoundInternal             : exinfo->length             = 3642592
[LOG] SystemI::createSoundInternal             : exinfo->fileoffset         = 18496
[LOG] SystemI::createSoundInternal             : exinfo->numsubsounds       = 1
[LOG] SystemI::createSoundInternal             : exinfo->inclusionlist      = 0000000BB806F518
[LOG] SystemI::createSoundInternal             : exinfo->inclusionlistnum   = 1
[LOG] SystemI::createSoundInternal             : exinfo->suggestedsoundtype = 5
[LOG] SystemI::createSoundInternal             : exinfo->useropen           = 00007FFCFE4A3490
[LOG] SystemI::createSoundInternal             : exinfo->userclose          = 00007FFCFE4A3450
[LOG] SystemI::createSoundInternal             : exinfo->userread           = 00007FFCFE4A3570
[LOG] SystemI::createSoundInternal             : exinfo->userseek           = 00007FFCFE4A3630
[LOG] SystemI::createSoundInternal             : exinfo->fileuserdata       = 0000013A29027D88
[LOG] SystemI::createSoundInternal             : exinfo->initialseekpostype = 1
[LOG] SystemI::DSPCodecPoolRegister            : register codec pool for pool type 5
[LOG] SystemI::createSoundInternal             : Sample 0/1: name='Shrek dial - oślę', format=5, channels=2, frequency=48000, lengthbytes=5376, lengthpcm=24000, pcmblocksize=0, loopstart=0, loopend=0, mode=0x00000000, channelmask=0x00000000, channelorder=0, peakvolume=0.079742.
[LOG] SoundI::release                          :  (0000013B3EDF47C8)
[LOG] SoundI::release                          :     Shrek dial - oślę (0000013B538E7878)
[LOG] SystemI::createSoundInternal             : Create name='', mode=0x02000202
[LOG] SystemI::createSoundInternal             : exinfo->cbsize             = 224
[LOG] SystemI::createSoundInternal             : exinfo->length             = 3642592
[LOG] SystemI::createSoundInternal             : exinfo->fileoffset         = 18496
[LOG] SystemI::createSoundInternal             : exinfo->numsubsounds       = 1
[LOG] SystemI::createSoundInternal             : exinfo->inclusionlist      = 0000000BB806F518
[LOG] SystemI::createSoundInternal             : exinfo->inclusionlistnum   = 1
[LOG] SystemI::createSoundInternal             : exinfo->suggestedsoundtype = 5
[LOG] SystemI::createSoundInternal             : exinfo->useropen           = 00007FFCFE4A3490
[LOG] SystemI::createSoundInternal             : exinfo->userclose          = 00007FFCFE4A3450
[LOG] SystemI::createSoundInternal             : exinfo->userread           = 00007FFCFE4A3570
[LOG] SystemI::createSoundInternal             : exinfo->userseek           = 00007FFCFE4A3630
[LOG] SystemI::createSoundInternal             : exinfo->fileuserdata       = 0000013A29027D88
[LOG] SystemI::createSoundInternal             : exinfo->initialseekpostype = 1
[LOG] SystemI::DSPCodecPoolRegister            : register codec pool for pool type 5
[LOG] SystemI::createSoundInternal             : Sample 0/1: name='Shrek dial - oślę', format=5, channels=2, frequency=48000, lengthbytes=5376, lengthpcm=24000, pcmblocksize=0, loopstart=0, loopend=0, mode=0x00000000, channelmask=0x00000000, channelorder=0, peakvolume=0.079742.
[LOG] SoundI::release                          :  (0000013B3EDF82B8)
[LOG] SoundI::release                          :     Shrek dial - oślę (0000013B538E8578)
[LOG] SoundI::release                          :  (0000013B3EDF78A8)
[LOG] SoundI::release                          :     Shrek dial - proszę proszę oślę (0000013B538E2DB8)
[LOG] SoundI::release                          :  (0000013B3EDF4C18)
[LOG] SoundI::release                          :     Shrek dial - taa (0000013B538E8BF8)
[LOG] SoundI::release                          :  (0000013B3EDF7458)
[LOG] SoundI::release                          :     shrek dial - śmieszne (0000013B538E1D78)
[LOG] SoundI::release                          :  (0000013B3EDF3968)
[LOG] SoundI::release                          :     Shrek dial -5 minut (0000013B538E35D8)
[LOG] SoundI::release                          :  (0000013B3EDF4378)
[LOG] SoundI::release                          :     Shrek dial -daj spokój ośle nie dąsaj się (0000013B538E83D8)
[LOG] SoundI::release                          :  (0000013B3EDF3518)
[LOG] SoundI::release                          :     Shrek dial -daj spokój ośle (0000013B538E88B8)
[LOG] SoundI::release                          :  (0000013B3EDF6038)
[LOG] SoundI::release                          :     Shrek dial -Hmmm ośle (jakiś plan) (0000013B538E7538)
[LOG] SoundI::release                          :  (0000013B3EDF6E98)
[LOG] SoundI::release                          :     Shrek dial -nie ośle (0000013B538E42D8)
[LOG] SoundI::release                          :  (0000013B3EDF37F8)
[LOG] SoundI::release                          :     shrek dial -to nie było miłe (0000013B538E2258)
[LOG] SoundI::release                          :  (0000013B3EDF6D28)
[LOG] SoundI::release                          :     shrek dial -wzdycha (0000013B538E69D8)
[LOG] SoundI::release                          :  (0000013B3EDF3688)
[LOG] SoundI::release                          :     Shrek dial -zaraz zaraz (jakby na coś wpadł) (0000013B538E1F18)
[LOG] SoundI::release                          :  (0000013B3EDF6768)
[LOG] SoundI::release                          :     Shrek dial -zaraz zaraz zaraz (0000013B538E8A58)
[LOG] SoundI::release                          :  (0000013B3EDF6488)
[LOG] SoundI::release                          :     Shrek dial -mała wyprawa ośle (0000013B538E7BB8)
[LOG] Thread::callback                         : FMOD Studio bank load thread finished.
[LOG] Thread::callback                         : FMOD Studio sample load thread finished.
[LOG] LiveUpdate::release                      : 
[LOG] LiveUpdate::reset                        : Reset connection (reason Disconnected)
[LOG] Thread::callback                         : FMOD stream thread finished.
[LOG] Thread::callback                         : FMOD mixer thread finished.
[LOG] SystemI::close                           : Closed.
